7/17/2018 6:27:21 PM	This log contains information about the import schema operation into project 'Nadim.CinemaReservationSystem.Database' on computer 'WSA-194-71' by user 'Nadim.ElMakhoud'.
7/17/2018 6:27:21 PM	Import of database schema has started.
7/17/2018 6:27:26 PM	Gathering database credentials
7/17/2018 6:27:26 PM	Gathering database options
7/17/2018 6:27:26 PM	Gathering generic database scoped configuration option
7/17/2018 6:27:26 PM	Gathering users
7/17/2018 6:27:26 PM	Gathering roles
7/17/2018 6:27:26 PM	Gathering application roles
7/17/2018 6:27:26 PM	Gathering role memberships
7/17/2018 6:27:26 PM	Gathering filegroups
7/17/2018 6:27:26 PM	Gathering full-text catalogs
7/17/2018 6:27:26 PM	Gathering assemblies
7/17/2018 6:27:26 PM	Gathering certificates
7/17/2018 6:27:26 PM	Gathering asymmetric keys
7/17/2018 6:27:26 PM	Gathering symmetric keys
7/17/2018 6:27:26 PM	Gathering encrypted symmetric keys
7/17/2018 6:27:26 PM	Gathering schemas
7/17/2018 6:27:26 PM	Gathering XML schema collections
7/17/2018 6:27:26 PM	Gathering user-defined data types
7/17/2018 6:27:26 PM	Gathering user-defined types
7/17/2018 6:27:26 PM	Gathering table types
7/17/2018 6:27:26 PM	Gathering unique keys for table types
7/17/2018 6:27:26 PM	Gathering primary keys for table types
7/17/2018 6:27:26 PM	Gathering indexes for table types
7/17/2018 6:27:26 PM	Gathering check constraints for table types
7/17/2018 6:27:26 PM	Gathering default constraints for table types
7/17/2018 6:27:26 PM	Gathering partition functions
7/17/2018 6:27:26 PM	Gathering partition schemes
7/17/2018 6:27:26 PM	Gathering functions
7/17/2018 6:27:26 PM	Gathering encrypted functions
7/17/2018 6:27:26 PM	Gathering aggregates
7/17/2018 6:27:26 PM	Gathering procedures
7/17/2018 6:27:26 PM	Gathering encrypted procedures
7/17/2018 6:27:26 PM	Gathering tables
7/17/2018 6:27:26 PM	Gathering primary keys
7/17/2018 6:27:26 PM	Gathering unique constraints
7/17/2018 6:27:26 PM	Gathering foreign keys
7/17/2018 6:27:26 PM	Gathering default constraints
7/17/2018 6:27:26 PM	Gathering check constraints
7/17/2018 6:27:26 PM	Gathering views
7/17/2018 6:27:26 PM	Gathering encrypted views
7/17/2018 6:27:26 PM	Gathering indexes
7/17/2018 6:27:26 PM	Gathering statistics
7/17/2018 6:27:26 PM	Gathering full-text index stoplists
7/17/2018 6:27:26 PM	Gathering search property lists
7/17/2018 6:27:26 PM	Gathering search properties
7/17/2018 6:27:26 PM	Gathering full-text indexes
7/17/2018 6:27:26 PM	Gathering column store indexes
7/17/2018 6:27:26 PM	Gathering spatial indexes
7/17/2018 6:27:26 PM	Gathering XML indexes
7/17/2018 6:27:27 PM	Gathering Selective XML indexes
7/17/2018 6:27:27 PM	Gathering encrypted triggers
7/17/2018 6:27:27 PM	Gathering triggers
7/17/2018 6:27:27 PM	Gathering encrypted and clr ddl triggers
7/17/2018 6:27:27 PM	Gathering ddl triggers
7/17/2018 6:27:27 PM	Gathering synonyms
7/17/2018 6:27:27 PM	Gathering defaults
7/17/2018 6:27:27 PM	Gathering data constraint uddt bindings
7/17/2018 6:27:27 PM	Gathering rules
7/17/2018 6:27:27 PM	Gathering data constraint uddt bindings
7/17/2018 6:27:27 PM	Gathering message types
7/17/2018 6:27:27 PM	Gathering queues
7/17/2018 6:27:27 PM	Gathering contracts
7/17/2018 6:27:27 PM	Gathering services
7/17/2018 6:27:27 PM	Gathering event notifications
7/17/2018 6:27:27 PM	Gathering remote service bindings
7/17/2018 6:27:27 PM	Gathering broker priorities
7/17/2018 6:27:27 PM	Gathering signatures
7/17/2018 6:27:27 PM	Gathering data compression options
7/17/2018 6:27:27 PM	Gathering sequence types
7/17/2018 6:27:27 PM	Gathering security policies
7/17/2018 6:27:27 PM	Gather column encryption keys
7/17/2018 6:27:27 PM	Gathering column master keys
7/17/2018 6:27:27 PM	Gathering external data sources
7/17/2018 6:27:27 PM	Gathering external file formats
7/17/2018 6:27:27 PM	Gathering external tables
7/17/2018 6:27:27 PM	Gathering extended properties
7/17/2018 6:27:27 PM	Gathering credentials
7/17/2018 6:27:27 PM	Gathering logins
7/17/2018 6:27:27 PM	Gathering server audits
7/17/2018 6:27:27 PM	Scanning project for duplicate elements
7/17/2018 6:27:27 PM	Finished duplicate element processing
7/17/2018 6:27:27 PM	Finished importing database.
7/17/2018 6:27:27 PM	A summary of the import was saved to the following location: C:\Users\Nadim.ElMakhoud\Desktop\GitHub\Nadim.CinemaReservationSystem.Database\Import Schema Logs\Nadim.CinemaReservat_20180717032721.log
7/17/2018 6:27:27 PM	Click Finish to continue...
